<?xml version="1.0" encoding="UTF-8"?>
<!-- Generated by org.testng.reporters.JUnitReportReporter -->
<testsuite hostname="LAPTOP-0G7F8U7N" failures="0" tests="1" name="main.Main" time="0.641" errors="0" timestamp="2022-12-13T15:26:14 EET" skipped="0">
  <testcase classname="main.Main" name="Close_In_Transaction" time="0.641"/>
  <system-out/>
</testsuite> <!-- main.Main -->
